<?xml version="1.0" encoding="UTF-8"?>
<!-- Generated by org.testng.reporters.JUnitReportReporter -->
<testsuite hostname="LAPTOP-ITC4231A" failures="0" tests="3" name="test.CRW008_FindDevelopmentsFunctionality" time="35.308" errors="0" timestamp="2022-04-04T16:06:50 EDT" skipped="2">
  <testcase classname="test.CRW008_FindDevelopmentsFunctionality" name="CRW008_CRW008_FindAllDevelopersLogoClickable" time="35.308"/>
  <system-out/>
  <testcase classname="test.CRW008_FindDevelopmentsFunctionality" name="CRW008_FindAllDevelopersLogo">
    <skipped/>
  </testcase> <!-- CRW008_FindAllDevelopersLogo -->
  <system-out/>
  <testcase classname="test.CRW008_FindDevelopmentsFunctionality" name="CRW008_VerifyFieldboxIsWorking">
    <skipped/>
  </testcase> <!-- CRW008_VerifyFieldboxIsWorking -->
  <system-out/>
</testsuite> <!-- test.CRW008_FindDevelopmentsFunctionality -->
